<?xml version="1.0" encoding="UTF-8"?>
<testng-results ignored="0" total="1" passed="1" failed="0" skipped="0">
  <reporter-output>
  </reporter-output>
  <suite started-at="2021-12-31T01:18:55Z" name="Default suite" finished-at="2021-12-31T01:18:55Z" duration-ms="51">
    <groups>
    </groups>
    <test started-at="2021-12-31T01:18:55Z" name="Default test" finished-at="2021-12-31T01:18:55Z" duration-ms="51">
      <class name="Qspider1.LettersendingTest">
        <test-method signature="LettersendingTest()[pri:0, instance:Qspider1.LettersendingTest@6304101a]" started-at="2021-12-31T01:18:55Z" name="LettersendingTest" finished-at="2021-12-31T01:18:55Z" duration-ms="18" status="PASS">
          <reporter-output>
          </reporter-output>
        </test-method> <!-- LettersendingTest -->
      </class> <!-- Qspider1.LettersendingTest -->
    </test> <!-- Default test -->
  </suite> <!-- Default suite -->
</testng-results>
